2020-03-18 11:59:01 DEBUG Collections:196 - Collection found: [be.pxl.student.entity.Account.payments#1279], was: [<unreferenced>] (initialized)
2020-03-18 11:59:01 DEBUG Collections:196 - Collection found: [be.pxl.student.entity.Account.payments#1280], was: [<unreferenced>] (initialized)
2020-03-18 11:59:01 DEBUG Collections:196 - Collection found: [be.pxl.student.entity.Account.payments#1281], was: [<unreferenced>] (initialized)
2020-03-18 11:59:01 DEBUG Collections:196 - Collection found: [be.pxl.student.entity.Account.payments#1282], was: [<unreferenced>] (initialized)
2020-03-18 11:59:01 DEBUG Collections:196 - Collection found: [be.pxl.student.entity.Account.payments#1283], was: [<unreferenced>] (initialized)
2020-03-18 11:59:01 DEBUG Collections:196 - Collection found: [be.pxl.student.entity.Account.payments#1284], was: [<unreferenced>] (initialized)
2020-03-18 11:59:01 DEBUG Collections:196 - Collection found: [be.pxl.student.entity.Account.payments#1285], was: [<unreferenced>] (initialized)
2020-03-18 11:59:01 DEBUG Collections:196 - Collection found: [be.pxl.student.entity.Account.payments#1286], was: [<unreferenced>] (initialized)
2020-03-18 11:59:01 DEBUG Collections:196 - Collection found: [be.pxl.student.entity.Account.payments#1287], was: [<unreferenced>] (initialized)
2020-03-18 11:59:01 DEBUG Collections:196 - Collection found: [be.pxl.student.entity.Account.payments#1288], was: [<unreferenced>] (initialized)
2020-03-18 11:59:01 DEBUG Collections:196 - Collection found: [be.pxl.student.entity.Account.payments#1289], was: [<unreferenced>] (initialized)
2020-03-18 11:59:01 DEBUG Collections:196 - Collection found: [be.pxl.student.entity.Account.payments#1290], was: [<unreferenced>] (initialized)
2020-03-18 11:59:01 DEBUG Collections:196 - Collection found: [be.pxl.student.entity.Account.payments#1291], was: [<unreferenced>] (initialized)
2020-03-18 11:59:01 DEBUG Collections:196 - Collection found: [be.pxl.student.entity.Account.payments#1292], was: [<unreferenced>] (initialized)
2020-03-18 11:59:01 DEBUG Collections:196 - Collection found: [be.pxl.student.entity.Account.payments#1293], was: [<unreferenced>] (initialized)
2020-03-18 11:59:01 DEBUG Collections:196 - Collection found: [be.pxl.student.entity.Account.payments#1294], was: [<unreferenced>] (initialized)
2020-03-18 11:59:01 DEBUG Collections:196 - Collection found: [be.pxl.student.entity.Account.payments#1295], was: [<unreferenced>] (initialized)
2020-03-18 11:59:01 DEBUG Collections:196 - Collection found: [be.pxl.student.entity.Account.payments#1296], was: [<unreferenced>] (initialized)
2020-03-18 11:59:01 DEBUG Collections:196 - Collection found: [be.pxl.student.entity.Account.payments#1297], was: [<unreferenced>] (initialized)
2020-03-18 11:59:01 DEBUG Collections:196 - Collection found: [be.pxl.student.entity.Account.payments#1298], was: [<unreferenced>] (initialized)
2020-03-18 11:59:01 DEBUG Collections:196 - Collection found: [be.pxl.student.entity.Account.payments#1299], was: [<unreferenced>] (initialized)
2020-03-18 11:59:01 DEBUG Collections:196 - Collection found: [be.pxl.student.entity.Account.payments#1300], was: [<unreferenced>] (initialized)
2020-03-18 11:59:01 DEBUG Collections:196 - Collection found: [be.pxl.student.entity.Account.payments#1301], was: [<unreferenced>] (initialized)
2020-03-18 11:59:01 DEBUG Collections:196 - Collection found: [be.pxl.student.entity.Account.payments#1302], was: [<unreferenced>] (initialized)
2020-03-18 11:59:01 DEBUG Collections:196 - Collection found: [be.pxl.student.entity.Account.payments#1303], was: [<unreferenced>] (initialized)
2020-03-18 11:59:01 DEBUG Collections:196 - Collection found: [be.pxl.student.entity.Account.payments#1304], was: [<unreferenced>] (initialized)
2020-03-18 11:59:01 DEBUG Collections:196 - Collection found: [be.pxl.student.entity.Account.payments#1305], was: [<unreferenced>] (initialized)
2020-03-18 11:59:01 DEBUG Collections:196 - Collection found: [be.pxl.student.entity.Account.payments#1306], was: [<unreferenced>] (initialized)
2020-03-18 11:59:01 TRACE AbstractFlushingEventListener:248 - Processing unreferenced collections
2020-03-18 11:59:01 TRACE AbstractFlushingEventListener:261 - Scheduling collection removes/(re)creates/updates
2020-03-18 11:59:01 DEBUG AbstractFlushingEventListener:113 - Flushed: 0 insertions, 0 updates, 0 deletions to 1206 objects
2020-03-18 11:59:01 DEBUG AbstractFlushingEventListener:120 - Flushed: 653 (re)creations, 0 updates, 0 removals to 653 collections
2020-03-18 11:59:01 DEBUG EntityPrinter:110 - Listing entities:
2020-03-18 11:59:01 DEBUG EntityPrinter:117 - be.pxl.student.entity.Payment{date=2020-03-06T19:53:59, amount=1958.12, counterAccount=null, currency=EUR, id=1036, detail=Ab accusantium voluptate itaque commodi., account=null}
2020-03-18 11:59:01 DEBUG EntityPrinter:117 - be.pxl.student.entity.Payment{date=2020-03-15T07:07:49, amount=-3992.63, counterAccount=null, currency=EUR, id=1037, detail=Ipsam et voluptatem optio., account=null}
2020-03-18 11:59:01 DEBUG EntityPrinter:117 - be.pxl.student.entity.Payment{date=2020-03-16T10:49:37, amount=4083.0, counterAccount=null, currency=EUR, id=1038, detail=Ipsum incidunt autem harum impedit magnam animi autem., account=null}
2020-03-18 11:59:01 DEBUG EntityPrinter:117 - be.pxl.student.entity.Payment{date=2020-03-16T11:10:47, amount=-3072.5, counterAccount=null, currency=EUR, id=1039, detail=Quos est rerum sit., account=null}
2020-03-18 11:59:01 DEBUG EntityPrinter:117 - be.pxl.student.entity.Payment{date=2020-02-29T00:34:43, amount=2326.78, counterAccount=null, currency=EUR, id=1032, detail=Et suscipit perferendis., account=null}
2020-03-18 11:59:01 DEBUG EntityPrinter:117 - be.pxl.student.entity.Payment{date=2020-03-02T02:18:24, amount=4898.11, counterAccount=null, currency=EUR, id=1033, detail=Ut ut tenetur rerum quia enim a deleniti., account=null}
2020-03-18 11:59:01 DEBUG EntityPrinter:117 - be.pxl.student.entity.Payment{date=2020-03-04T15:45:53, amount=995.98, counterAccount=null, currency=EUR, id=1034, detail=Ducimus repudiandae vel minus eum., account=null}
2020-03-18 11:59:01 DEBUG EntityPrinter:117 - be.pxl.student.entity.Payment{date=2020-03-08T09:18:47, amount=1573.43, counterAccount=null, currency=EUR, id=1035, detail=Suscipit repellendus ut nulla sed ut., account=null}
2020-03-18 11:59:01 DEBUG EntityPrinter:117 - be.pxl.student.entity.Payment{date=2020-03-15T02:31:33, amount=439.03, counterAccount=null, currency=EUR, id=1044, detail=Hic eum doloremque beatae., account=null}
2020-03-18 11:59:01 DEBUG EntityPrinter:117 - be.pxl.student.entity.Payment{date=2020-03-09T07:10:01, amount=-3602.66, counterAccount=null, currency=EUR, id=1045, detail=Voluptatem totam debitis sint voluptatem., account=null}
2020-03-18 11:59:01 DEBUG EntityPrinter:117 - be.pxl.student.entity.Payment{date=2020-03-13T22:18:08, amount=3120.67, counterAccount=null, currency=EUR, id=1046, detail=Impedit possimus eaque deserunt dolore vel ipsa earum., account=null}
2020-03-18 11:59:01 DEBUG EntityPrinter:117 - be.pxl.student.entity.Payment{date=2020-02-29T23:09:24, amount=-4122.8, counterAccount=null, currency=EUR, id=1047, detail=Odit eum veritatis., account=null}
2020-03-18 11:59:01 DEBUG EntityPrinter:117 - be.pxl.student.entity.Payment{date=2020-03-15T05:00:13, amount=-1269.06, counterAccount=null, currency=EUR, id=1040, detail=Molestias qui ea aperiam., account=null}
2020-03-18 11:59:01 DEBUG EntityPrinter:117 - be.pxl.student.entity.Payment{date=2020-02-24T08:43:54, amount=4763.77, counterAccount=null, currency=EUR, id=1041, detail=Voluptatem adipisci dolorum excepturi et., account=null}
2020-03-18 11:59:01 DEBUG EntityPrinter:117 - be.pxl.student.entity.Payment{date=2020-03-16T09:44:24, amount=4279.16, counterAccount=null, currency=EUR, id=1042, detail=Nesciunt aliquam vitae., account=null}
2020-03-18 11:59:01 DEBUG EntityPrinter:117 - be.pxl.student.entity.Payment{date=2020-03-09T10:28:33, amount=-1285.88, counterAccount=null, currency=EUR, id=1043, detail=Et minus quasi., account=null}
2020-03-18 11:59:01 DEBUG EntityPrinter:117 - be.pxl.student.entity.Payment{date=2020-03-05T09:57:55, amount=-390.6, counterAccount=null, currency=EUR, id=1052, detail=Odio recusandae excepturi alias illo natus sed dolorem., account=null}
2020-03-18 11:59:01 DEBUG EntityPrinter:117 - be.pxl.student.entity.Payment{date=2020-03-13T11:10:14, amount=3715.88, counterAccount=null, currency=EUR, id=1053, detail=Non eos qui vel exercitationem voluptatibus aspernatur., account=null}
2020-03-18 11:59:01 DEBUG EntityPrinter:117 - be.pxl.student.entity.Payment{date=2020-03-07T14:46:48, amount=-3669.73, counterAccount=null, currency=EUR, id=1054, detail=Sequi illo repudiandae atque impedit voluptatibus facilis neque., account=null}
2020-03-18 11:59:01 DEBUG EntityPrinter:117 - be.pxl.student.entity.Payment{date=2020-03-06T02:02:31, amount=-4698.08, counterAccount=null, currency=EUR, id=1055, detail=In incidunt magni expedita ut porro., account=null}
2020-03-18 11:59:01 DEBUG EntityPrinter:117 - be.pxl.student.entity.Payment{date=2020-03-16T02:24:45, amount=3777.36, counterAccount=null, currency=EUR, id=1048, detail=Soluta enim ipsa impedit atque ipsum et omnis., account=null}
2020-03-18 11:59:01 DEBUG EntityPrinter:114 - More......
2020-03-18 11:59:01 TRACE AbstractFlushingEventListener:333 - Executing flush
2020-03-18 11:59:01 TRACE JdbcCoordinatorImpl:255 - Starting after statement execution processing [AFTER_TRANSACTION]
2020-03-18 11:59:01 TRACE AbstractFlushingEventListener:368 - Post flush
2020-03-18 11:59:01 TRACE SynchronizationRegistryStandardImpl:55 - SynchronizationRegistryStandardImpl.notifySynchronizationsBeforeTransactionCompletion
2020-03-18 11:59:01 TRACE AbstractLogicalConnectionImplementor:80 - Preparing to commit transaction via JDBC Connection.commit()
2020-03-18 11:59:01 TRACE AbstractLogicalConnectionImplementor:83 - Transaction committed via JDBC Connection.commit()
2020-03-18 11:59:01 TRACE AbstractLogicalConnectionImplementor:53 - LogicalConnection#afterTransaction
2020-03-18 11:59:01 TRACE ResourceRegistryStandardImpl:317 - Releasing JDBC resources
2020-03-18 11:59:01 DEBUG LogicalConnectionManagedImpl:159 - Initiating JDBC connection release from afterTransaction
2020-03-18 11:59:01 TRACE ResourceRegistryStandardImpl:317 - Releasing JDBC resources
2020-03-18 11:59:01 TRACE JdbcResourceLocalTransactionCoordinatorImpl:199 - ResourceLocalTransactionCoordinatorImpl#afterCompletionCallback(true)
2020-03-18 11:59:01 TRACE SynchronizationRegistryStandardImpl:159 - SynchronizationRegistryStandardImpl.notifySynchronizationsAfterTransactionCompletion(3)
2020-03-18 11:59:01 TRACE AbstractLogicalConnectionImplementor:53 - LogicalConnection#afterTransaction
2020-03-18 11:59:01 TRACE ResourceRegistryStandardImpl:317 - Releasing JDBC resources
2020-03-18 11:59:01 DEBUG LogicalConnectionManagedImpl:159 - Initiating JDBC connection release from afterTransaction
2020-03-18 11:59:01 TRACE SessionImpl:2384 - SessionImpl#afterTransactionCompletion(successful=true, delayed=false)
2020-03-18 11:59:01 TRACE SessionImpl:356 - Closing session [8b0527fc-db44-481c-9291-f5e3fb80d2c7]
2020-03-18 11:59:01 TRACE JdbcCoordinatorImpl:166 - Closing JDBC container [org.hibernate.engine.jdbc.internal.JdbcCoordinatorImpl@4f541e67]
2020-03-18 11:59:01 TRACE ResourceRegistryStandardImpl:317 - Releasing JDBC resources
2020-03-18 11:59:01 TRACE LogicalConnectionManagedImpl:233 - Closing logical connection
2020-03-18 11:59:01 TRACE LogicalConnectionManagedImpl:240 - Logical connection closed
2020-03-18 11:59:01 DEBUG SessionFactoryImpl:769 - HHH000031: Closing
2020-03-18 11:59:01 TRACE QueryPlanCache:245 - Cleaning QueryPlan Cache
2020-03-18 11:59:01 TRACE TypeConfiguration$Scope:211 - Handling #sessionFactoryClosed from [org.hibernate.internal.SessionFactoryImpl@22e5f96e] for TypeConfiguration
2020-03-18 11:59:01 DEBUG TypeConfiguration$Scope:350 - Un-scoping TypeConfiguration [org.hibernate.type.spi.TypeConfiguration$Scope@79c4f23b] from SessionFactory [org.hibernate.internal.SessionFactoryImpl@22e5f96e]
2020-03-18 11:59:01 DEBUG AbstractServiceRegistryImpl:419 - Implicitly destroying ServiceRegistry on de-registration of all child ServiceRegistries
2020-03-18 11:59:01 INFO  pooling:418 - HHH10001008: Cleaning up connection pool [jdbc:mysql://localhost:3307/musicdb?useSSL=false]
2020-03-18 11:59:01 DEBUG BootstrapServiceRegistryImpl:295 - Implicitly destroying Boot-strap registry on de-registration of all child ServiceRegistries
